[debug] [2019-10-17T12:38:26.996Z] ----------------------------------------------------------------------
[debug] [2019-10-17T12:38:27.001Z] Command:       C:\Program Files\nodejs\node.exe C:\Users\Laís\AppData\Roaming\npm\node_modules\firebase-tools\lib\bin\firebase.js init
[debug] [2019-10-17T12:38:27.001Z] CLI Version:   7.6.0
[debug] [2019-10-17T12:38:27.001Z] Platform:      win32
[debug] [2019-10-17T12:38:27.001Z] Node Version:  v10.16.3
[debug] [2019-10-17T12:38:27.002Z] Time:          Thu Oct 17 2019 08:38:27 GMT-0400 (GMT-04:00)
[debug] [2019-10-17T12:38:27.003Z] ----------------------------------------------------------------------
[debug] 
[debug] [2019-10-17T12:38:27.027Z] > command requires scopes: ["email","openid","https://www.googleapis.com/auth/cloudplatformprojects.readonly","https://www.googleapis.com/auth/firebase","https://www.googleapis.com/auth/cloud-platform"]
[debug] [2019-10-17T12:38:27.032Z] > authorizing via signed-in user
[info] 
     ######## #### ########  ######## ########     ###     ######  ########
     ##        ##  ##     ## ##       ##     ##  ##   ##  ##       ##
     ######    ##  ########  ######   ########  #########  ######  ######
     ##        ##  ##    ##  ##       ##     ## ##     ##       ## ##
     ##       #### ##     ## ######## ########  ##     ##  ######  ########

You're about to initialize a Firebase project in this directory:

  C:\CPW2\Trabalho1

Before we get started, keep in mind:

  * You are currently outside your home directory

[info] 
=== Project Setup
[info] 
[info] First, let's associate this project directory with a Firebase project.
[info] You can create multiple project aliases by running firebase use --add, 
[info] but for now we'll just set up a default project.
[info] 
[info] i  If you want to create a project in a Google Cloud organization or folder, please use "firebase projects:create" instead, and return to this command when you've created the project.
[debug] [2019-10-17T12:39:23.127Z] ----------------------------------------------------------------------
[debug] [2019-10-17T12:39:23.134Z] Command:       C:\Program Files\nodejs\node.exe C:\Users\Laís\AppData\Roaming\npm\node_modules\firebase-tools\lib\bin\firebase.js init
[debug] [2019-10-17T12:39:23.135Z] CLI Version:   7.6.0
[debug] [2019-10-17T12:39:23.135Z] Platform:      win32
[debug] [2019-10-17T12:39:23.135Z] Node Version:  v10.16.3
[debug] [2019-10-17T12:39:23.136Z] Time:          Thu Oct 17 2019 08:39:23 GMT-0400 (GMT-04:00)
[debug] [2019-10-17T12:39:23.137Z] ----------------------------------------------------------------------
[debug] 
[debug] [2019-10-17T12:39:23.163Z] > command requires scopes: ["email","openid","https://www.googleapis.com/auth/cloudplatformprojects.readonly","https://www.googleapis.com/auth/firebase","https://www.googleapis.com/auth/cloud-platform"]
[debug] [2019-10-17T12:39:23.164Z] > authorizing via signed-in user
[info] 
     ######## #### ########  ######## ########     ###     ######  ########
     ##        ##  ##     ## ##       ##     ##  ##   ##  ##       ##
     ######    ##  ########  ######   ########  #########  ######  ######
     ##        ##  ##    ##  ##       ##     ## ##     ##       ## ##
     ##       #### ##     ## ######## ########  ##     ##  ######  ########

You're about to initialize a Firebase project in this directory:

  C:\CPW2\Trabalho1

Before we get started, keep in mind:

  * You are currently outside your home directory

[info] 
=== Project Setup
[info] 
[info] First, let's associate this project directory with a Firebase project.
[info] You can create multiple project aliases by running firebase use --add, 
[info] but for now we'll just set up a default project.
[info] 
[debug] [2019-10-17T12:39:29.611Z] > refreshing access token with scopes: ["email","https://www.googleapis.com/auth/cloud-platform","https://www.googleapis.com/auth/cloudplatformprojects.readonly","https://www.googleapis.com/auth/firebase","openid"]
[debug] [2019-10-17T12:39:29.612Z] >>> HTTP REQUEST POST https://www.googleapis.com/oauth2/v3/token  
 <request body omitted>
[debug] [2019-10-17T12:39:29.997Z] <<< HTTP RESPONSE 200
[debug] [2019-10-17T12:39:30.006Z] >>> HTTP REQUEST GET https://firebase.googleapis.com/v1beta1/projects?pageSize=100  
 
[debug] [2019-10-17T12:39:31.513Z] <<< HTTP RESPONSE 200
[info] i  Using project trabalhocpw2 (trabalhocpw2)
[info] 
=== Hosting Setup
[info] 
[info] Your public directory is the folder (relative to your project directory) that
[info] will contain Hosting assets to be uploaded with firebase deploy. If you
[info] have a build process for your assets, use your build's output directory.
[info] 
[debug] [2019-10-17T12:41:18.472Z] ----------------------------------------------------------------------
[debug] [2019-10-17T12:41:18.477Z] Command:       C:\Program Files\nodejs\node.exe C:\Users\Laís\AppData\Roaming\npm\node_modules\firebase-tools\lib\bin\firebase.js init
[debug] [2019-10-17T12:41:18.478Z] CLI Version:   7.6.0
[debug] [2019-10-17T12:41:18.478Z] Platform:      win32
[debug] [2019-10-17T12:41:18.478Z] Node Version:  v10.16.3
[debug] [2019-10-17T12:41:18.495Z] Time:          Thu Oct 17 2019 08:41:18 GMT-0400 (GMT-04:00)
[debug] [2019-10-17T12:41:18.495Z] ----------------------------------------------------------------------
[debug] 
[debug] [2019-10-17T12:41:18.512Z] > command requires scopes: ["email","openid","https://www.googleapis.com/auth/cloudplatformprojects.readonly","https://www.googleapis.com/auth/firebase","https://www.googleapis.com/auth/cloud-platform"]
[debug] [2019-10-17T12:41:18.513Z] > authorizing via signed-in user
[info] 
     ######## #### ########  ######## ########     ###     ######  ########
     ##        ##  ##     ## ##       ##     ##  ##   ##  ##       ##
     ######    ##  ########  ######   ########  #########  ######  ######
     ##        ##  ##    ##  ##       ##     ## ##     ##       ## ##
     ##       #### ##     ## ######## ########  ##     ##  ######  ########

You're about to initialize a Firebase project in this directory:

  C:\CPW2\Trabalho1

Before we get started, keep in mind:

  * You are currently outside your home directory

[info] 
=== Project Setup
[info] 
[info] First, let's associate this project directory with a Firebase project.
[info] You can create multiple project aliases by running firebase use --add, 
[info] but for now we'll just set up a default project.
[info] 
